[     981ms] [INFO] %cDownload the React DevTools for a better development experience: https://react.dev/link/react-devtools font-weight:bold @ http://localhost:3000/_next/static/chunks/node_modules_next_dist_1ybzpk2._.js:2477
[    1058ms] [LOG] [HMR] connected @ http://localhost:3000/_next/static/chunks/node_modules_next_dist_1ybzpk2._.js:2477
[    1475ms] [ERROR] Failed to load resource: the server responded with a status of 400 (Bad Request) @ http://localhost:3000/_next/image?url=%2Fplaceholder-logo-galeona.png&w=1080&q=75:0
[    1542ms] [LOG] [Fast Refresh] rebuilding @ http://localhost:3000/_next/static/chunks/node_modules_next_dist_1ybzpk2._.js:2477
[    1604ms] [LOG] [Fast Refresh] done in 167ms @ http://localhost:3000/_next/static/chunks/node_modules_next_dist_1ybzpk2._.js:2477
[    1642ms] [ERROR] Failed to load resource: the server responded with a status of 400 (Bad Request) @ http://localhost:3000/_next/image?url=%2Fplaceholder-logo-edn.png&w=1080&q=75:0
[    7734ms] [LOG] [Fast Refresh] rebuilding @ http://localhost:3000/_next/static/chunks/node_modules_next_dist_1ybzpk2._.js:2477
[    7823ms] [LOG] [Fast Refresh] done in 199ms @ http://localhost:3000/_next/static/chunks/node_modules_next_dist_1ybzpk2._.js:2477
[    7938ms] [LOG] [Fast Refresh] rebuilding @ http://localhost:3000/_next/static/chunks/node_modules_next_dist_1ybzpk2._.js:2477
[    8639ms] [LOG] [Fast Refresh] done in 811ms @ http://localhost:3000/_next/static/chunks/node_modules_next_dist_1ybzpk2._.js:2477
[    8923ms] [LOG] [Fast Refresh] rebuilding @ http://localhost:3000/_next/static/chunks/node_modules_next_dist_1ybzpk2._.js:2477
[    8968ms] [LOG] [Fast Refresh] done in 145ms @ http://localhost:3000/_next/static/chunks/node_modules_next_dist_1ybzpk2._.js:2477
[    9070ms] [LOG] [Fast Refresh] rebuilding @ http://localhost:3000/_next/static/chunks/node_modules_next_dist_1ybzpk2._.js:2477
[    9138ms] [LOG] [Fast Refresh] done in 169ms @ http://localhost:3000/_next/static/chunks/node_modules_next_dist_1ybzpk2._.js:2477
[   31524ms] [LOG] [Fast Refresh] rebuilding @ http://localhost:3000/_next/static/chunks/node_modules_next_dist_1ybzpk2._.js:2477
[   31727ms] [ERROR] ./app/page.tsx:21:8
the name `Image` is defined multiple times
  19 | ];
  20 |
> 21 | import Image from "next/image";
     |        ^^^^^
  22 |
  23 | const products = [
  24 |   {

Ecmascript file had an error @ http://localhost:3000/_next/static/chunks/node_modules_next_dist_1ybzpk2._.js:3318
[   31869ms] [ERROR] ./app/page.tsx:21:8
the name `Image` is defined multiple times
  19 | ];
  20 |
> 21 | import Image from "next/image";
     |        ^^^^^
  22 |
  23 | const products = [
  24 |   {

Ecmascript file had an error @ http://localhost:3000/_next/static/chunks/node_modules_next_dist_1ybzpk2._.js:3318
[   31983ms] [LOG] [Fast Refresh] rebuilding @ http://localhost:3000/_next/static/chunks/node_modules_next_dist_1ybzpk2._.js:2477
[   32704ms] [ERROR] ./app/page.tsx:21:8
the name `Image` is defined multiple times
  19 | ];
  20 |
> 21 | import Image from "next/image";
     |        ^^^^^
  22 |
  23 | const products = [
  24 |   {

Ecmascript file had an error @ http://localhost:3000/_next/static/chunks/node_modules_next_dist_1ybzpk2._.js:3318
[   32707ms] [ERROR] ./app/page.tsx:21:8
the name `Image` is defined multiple times
  19 | ];
  20 |
> 21 | import Image from "next/image";
     |        ^^^^^
  22 |
  23 | const products = [
  24 |   {

Ecmascript file had an error @ http://localhost:3000/_next/static/chunks/node_modules_next_dist_1ybzpk2._.js:3318
[   32810ms] [LOG] [Fast Refresh] rebuilding @ http://localhost:3000/_next/static/chunks/node_modules_next_dist_1ybzpk2._.js:2477
[   33174ms] [ERROR] ./app/page.tsx:21:8
the name `Image` is defined multiple times
  19 | ];
  20 |
> 21 | import Image from "next/image";
     |        ^^^^^
  22 |
  23 | const products = [
  24 |   {

Ecmascript file had an error @ http://localhost:3000/_next/static/chunks/node_modules_next_dist_1ybzpk2._.js:3318
[   33177ms] [ERROR] ./app/page.tsx:21:8
the name `Image` is defined multiple times
  19 | ];
  20 |
> 21 | import Image from "next/image";
     |        ^^^^^
  22 |
  23 | const products = [
  24 |   {

Ecmascript file had an error @ http://localhost:3000/_next/static/chunks/node_modules_next_dist_1ybzpk2._.js:3318
[   33192ms] [ERROR] Failed to load resource: the server responded with a status of 500 (Internal Server Error) @ http://localhost:3000/?_rsc=q3mOO9BClNZHexY7:0
[   33290ms] [LOG] [Fast Refresh] rebuilding @ http://localhost:3000/_next/static/chunks/node_modules_next_dist_1ybzpk2._.js:2477
[   33298ms] [ERROR] ./app/page.tsx:21:8
the name `Image` is defined multiple times
  19 | ];
  20 |
> 21 | import Image from "next/image";
     |        ^^^^^
  22 |
  23 | const products = [
  24 |   {

Ecmascript file had an error @ http://localhost:3000/_next/static/chunks/node_modules_next_dist_1ybzpk2._.js:3318
[   33340ms] [ERROR] Failed to load resource: the server responded with a status of 500 (Internal Server Error) @ http://localhost:3000/:0
[   33646ms] [INFO] %cDownload the React DevTools for a better development experience: https://react.dev/link/react-devtools font-weight:bold @ http://localhost:3000/_next/static/chunks/node_modules_react-dom_0kla17-._.js:15305
[   33757ms] Error: ./app/page.tsx:21:8
the name `Image` is defined multiple times
  19 | ];
  20 |
> 21 | import Image from "next/image";
     |        ^^^^^
  22 |
  23 | const products = [
  24 |   {

Ecmascript file had an error


    at <unknown> (Error: ./app/page.tsx:21:8)
    at Object.getCompilationErrors (file://C:\Users\Pc\Desktop\clientes\galeoncadiz\node_modules\next\dist\server\dev\hot-reloader-turbopack.js:1186:59)
    at DevBundlerService.getCompilationError (file://C:\Users\Pc\Desktop\clientes\galeoncadiz\node_modules\next\dist\server\lib\dev-bundler-service.js:44:55)
    at DevServer.getCompilationError (file://C:\Users\Pc\Desktop\clientes\galeoncadiz\node_modules\next\dist\server\dev\next-dev-server.js:720:42)
    at DevServer.findPageComponents (file://C:\Users\Pc\Desktop\clientes\galeoncadiz\node_modules\next\dist\server\dev\next-dev-server.js:690:43)
    at async DevServer.renderErrorToResponseImpl (file://C:\Users\Pc\Desktop\clientes\galeoncadiz\node_modules\next\dist\server\base-server.js:1753:26)
[   33755ms] [LOG] [HMR] connected @ http://localhost:3000/_next/static/chunks/node_modules_next_dist_1gdrd03._.js:1226
[   33813ms] [ERROR] ./app/page.tsx:21:8
the name `Image` is defined multiple times
  19 | ];
  20 |
> 21 | import Image from "next/image";
     |        ^^^^^
  22 |
  23 | const products = [
  24 |   {

Ecmascript file had an error @ http://localhost:3000/_next/static/chunks/node_modules_next_dist_1gdrd03._.js:1945
[   33924ms] [LOG] [Fast Refresh] rebuilding @ http://localhost:3000/_next/static/chunks/node_modules_next_dist_1gdrd03._.js:1226
[   33955ms] [ERROR] ./app/page.tsx:21:8
the name `Image` is defined multiple times
  19 | ];
  20 |
> 21 | import Image from "next/image";
     |        ^^^^^
  22 |
  23 | const products = [
  24 |   {

Ecmascript file had an error @ http://localhost:3000/_next/static/chunks/node_modules_next_dist_1gdrd03._.js:1945
[   34020ms] [ERROR] ./app/page.tsx:21:8
the name `Image` is defined multiple times
  19 | ];
  20 |
> 21 | import Image from "next/image";
     |        ^^^^^
  22 |
  23 | const products = [
  24 |   {

Ecmascript file had an error @ http://localhost:3000/_next/static/chunks/node_modules_next_dist_1gdrd03._.js:1945
[   34058ms] [LOG] [Fast Refresh] rebuilding @ http://localhost:3000/_next/static/chunks/node_modules_next_dist_1gdrd03._.js:1226
[   34132ms] [ERROR] ./app/page.tsx:21:8
the name `Image` is defined multiple times
  19 | ];
  20 |
> 21 | import Image from "next/image";
     |        ^^^^^
  22 |
  23 | const products = [
  24 |   {

Ecmascript file had an error @ http://localhost:3000/_next/static/chunks/node_modules_next_dist_1gdrd03._.js:1945
[   34191ms] [ERROR] ./app/page.tsx:21:8
the name `Image` is defined multiple times
  19 | ];
  20 |
> 21 | import Image from "next/image";
     |        ^^^^^
  22 |
  23 | const products = [
  24 |   {

Ecmascript file had an error @ http://localhost:3000/_next/static/chunks/node_modules_next_dist_1gdrd03._.js:1945
[   34265ms] [ERROR] ./app/page.tsx:21:8
the name `Image` is defined multiple times
  19 | ];
  20 |
> 21 | import Image from "next/image";
     |        ^^^^^
  22 |
  23 | const products = [
  24 |   {

Ecmascript file had an error @ http://localhost:3000/_next/static/chunks/node_modules_next_dist_1gdrd03._.js:1945
[   34327ms] [ERROR] ./app/page.tsx:21:8
the name `Image` is defined multiple times
  19 | ];
  20 |
> 21 | import Image from "next/image";
     |        ^^^^^
  22 |
  23 | const products = [
  24 |   {

Ecmascript file had an error @ http://localhost:3000/_next/static/chunks/node_modules_next_dist_1gdrd03._.js:1945
[   34388ms] [ERROR] ./app/page.tsx:21:8
the name `Image` is defined multiple times
  19 | ];
  20 |
> 21 | import Image from "next/image";
     |        ^^^^^
  22 |
  23 | const products = [
  24 |   {

Ecmascript file had an error @ http://localhost:3000/_next/static/chunks/node_modules_next_dist_1gdrd03._.js:1945
[   34450ms] [ERROR] ./app/page.tsx:21:8
the name `Image` is defined multiple times
  19 | ];
  20 |
> 21 | import Image from "next/image";
     |        ^^^^^
  22 |
  23 | const products = [
  24 |   {

Ecmascript file had an error @ http://localhost:3000/_next/static/chunks/node_modules_next_dist_1gdrd03._.js:1945
[   34512ms] [ERROR] ./app/page.tsx:21:8
the name `Image` is defined multiple times
  19 | ];
  20 |
> 21 | import Image from "next/image";
     |        ^^^^^
  22 |
  23 | const products = [
  24 |   {

Ecmascript file had an error @ http://localhost:3000/_next/static/chunks/node_modules_next_dist_1gdrd03._.js:1945
[   34576ms] [ERROR] ./app/page.tsx:21:8
the name `Image` is defined multiple times
  19 | ];
  20 |
> 21 | import Image from "next/image";
     |        ^^^^^
  22 |
  23 | const products = [
  24 |   {

Ecmascript file had an error @ http://localhost:3000/_next/static/chunks/node_modules_next_dist_1gdrd03._.js:1945
[   34637ms] [ERROR] ./app/page.tsx:21:8
the name `Image` is defined multiple times
  19 | ];
  20 |
> 21 | import Image from "next/image";
     |        ^^^^^
  22 |
  23 | const products = [
  24 |   {

Ecmascript file had an error @ http://localhost:3000/_next/static/chunks/node_modules_next_dist_1gdrd03._.js:1945
[   34704ms] [ERROR] ./app/page.tsx:21:8
the name `Image` is defined multiple times
  19 | ];
  20 |
> 21 | import Image from "next/image";
     |        ^^^^^
  22 |
  23 | const products = [
  24 |   {

Ecmascript file had an error @ http://localhost:3000/_next/static/chunks/node_modules_next_dist_1gdrd03._.js:1945
[   34760ms] [ERROR] ./app/page.tsx:21:8
the name `Image` is defined multiple times
  19 | ];
  20 |
> 21 | import Image from "next/image";
     |        ^^^^^
  22 |
  23 | const products = [
  24 |   {

Ecmascript file had an error @ http://localhost:3000/_next/static/chunks/node_modules_next_dist_1gdrd03._.js:1945
[   34820ms] [ERROR] ./app/page.tsx:21:8
the name `Image` is defined multiple times
  19 | ];
  20 |
> 21 | import Image from "next/image";
     |        ^^^^^
  22 |
  23 | const products = [
  24 |   {

Ecmascript file had an error @ http://localhost:3000/_next/static/chunks/node_modules_next_dist_1gdrd03._.js:1945
[   34881ms] [ERROR] ./app/page.tsx:21:8
the name `Image` is defined multiple times
  19 | ];
  20 |
> 21 | import Image from "next/image";
     |        ^^^^^
  22 |
  23 | const products = [
  24 |   {

Ecmascript file had an error @ http://localhost:3000/_next/static/chunks/node_modules_next_dist_1gdrd03._.js:1945
[   34944ms] [ERROR] ./app/page.tsx:21:8
the name `Image` is defined multiple times
  19 | ];
  20 |
> 21 | import Image from "next/image";
     |        ^^^^^
  22 |
  23 | const products = [
  24 |   {

Ecmascript file had an error @ http://localhost:3000/_next/static/chunks/node_modules_next_dist_1gdrd03._.js:1945
[   35005ms] [ERROR] ./app/page.tsx:21:8
the name `Image` is defined multiple times
  19 | ];
  20 |
> 21 | import Image from "next/image";
     |        ^^^^^
  22 |
  23 | const products = [
  24 |   {

Ecmascript file had an error @ http://localhost:3000/_next/static/chunks/node_modules_next_dist_1gdrd03._.js:1945
[   35066ms] [ERROR] ./app/page.tsx:21:8
the name `Image` is defined multiple times
  19 | ];
  20 |
> 21 | import Image from "next/image";
     |        ^^^^^
  22 |
  23 | const products = [
  24 |   {

Ecmascript file had an error @ http://localhost:3000/_next/static/chunks/node_modules_next_dist_1gdrd03._.js:1945
[   35128ms] [ERROR] ./app/page.tsx:21:8
the name `Image` is defined multiple times
  19 | ];
  20 |
> 21 | import Image from "next/image";
     |        ^^^^^
  22 |
  23 | const products = [
  24 |   {

Ecmascript file had an error @ http://localhost:3000/_next/static/chunks/node_modules_next_dist_1gdrd03._.js:1945
[   35191ms] [ERROR] ./app/page.tsx:21:8
the name `Image` is defined multiple times
  19 | ];
  20 |
> 21 | import Image from "next/image";
     |        ^^^^^
  22 |
  23 | const products = [
  24 |   {

Ecmascript file had an error @ http://localhost:3000/_next/static/chunks/node_modules_next_dist_1gdrd03._.js:1945
[   35252ms] [ERROR] ./app/page.tsx:21:8
the name `Image` is defined multiple times
  19 | ];
  20 |
> 21 | import Image from "next/image";
     |        ^^^^^
  22 |
  23 | const products = [
  24 |   {

Ecmascript file had an error @ http://localhost:3000/_next/static/chunks/node_modules_next_dist_1gdrd03._.js:1945
[   35313ms] [ERROR] ./app/page.tsx:21:8
the name `Image` is defined multiple times
  19 | ];
  20 |
> 21 | import Image from "next/image";
     |        ^^^^^
  22 |
  23 | const products = [
  24 |   {

Ecmascript file had an error @ http://localhost:3000/_next/static/chunks/node_modules_next_dist_1gdrd03._.js:1945
[   35376ms] [ERROR] ./app/page.tsx:21:8
the name `Image` is defined multiple times
  19 | ];
  20 |
> 21 | import Image from "next/image";
     |        ^^^^^
  22 |
  23 | const products = [
  24 |   {

Ecmascript file had an error @ http://localhost:3000/_next/static/chunks/node_modules_next_dist_1gdrd03._.js:1945
[   35437ms] [ERROR] ./app/page.tsx:21:8
the name `Image` is defined multiple times
  19 | ];
  20 |
> 21 | import Image from "next/image";
     |        ^^^^^
  22 |
  23 | const products = [
  24 |   {

Ecmascript file had an error @ http://localhost:3000/_next/static/chunks/node_modules_next_dist_1gdrd03._.js:1945
[   35499ms] [ERROR] ./app/page.tsx:21:8
the name `Image` is defined multiple times
  19 | ];
  20 |
> 21 | import Image from "next/image";
     |        ^^^^^
  22 |
  23 | const products = [
  24 |   {

Ecmascript file had an error @ http://localhost:3000/_next/static/chunks/node_modules_next_dist_1gdrd03._.js:1945
[   35566ms] [ERROR] ./app/page.tsx:21:8
the name `Image` is defined multiple times
  19 | ];
  20 |
> 21 | import Image from "next/image";
     |        ^^^^^
  22 |
  23 | const products = [
  24 |   {

Ecmascript file had an error @ http://localhost:3000/_next/static/chunks/node_modules_next_dist_1gdrd03._.js:1945
[   35627ms] [ERROR] ./app/page.tsx:21:8
the name `Image` is defined multiple times
  19 | ];
  20 |
> 21 | import Image from "next/image";
     |        ^^^^^
  22 |
  23 | const products = [
  24 |   {

Ecmascript file had an error @ http://localhost:3000/_next/static/chunks/node_modules_next_dist_1gdrd03._.js:1945
[   35688ms] [ERROR] ./app/page.tsx:21:8
the name `Image` is defined multiple times
  19 | ];
  20 |
> 21 | import Image from "next/image";
     |        ^^^^^
  22 |
  23 | const products = [
  24 |   {

Ecmascript file had an error @ http://localhost:3000/_next/static/chunks/node_modules_next_dist_1gdrd03._.js:1945
[   35751ms] [ERROR] ./app/page.tsx:21:8
the name `Image` is defined multiple times
  19 | ];
  20 |
> 21 | import Image from "next/image";
     |        ^^^^^
  22 |
  23 | const products = [
  24 |   {

Ecmascript file had an error @ http://localhost:3000/_next/static/chunks/node_modules_next_dist_1gdrd03._.js:1945
[   35813ms] [ERROR] ./app/page.tsx:21:8
the name `Image` is defined multiple times
  19 | ];
  20 |
> 21 | import Image from "next/image";
     |        ^^^^^
  22 |
  23 | const products = [
  24 |   {

Ecmascript file had an error @ http://localhost:3000/_next/static/chunks/node_modules_next_dist_1gdrd03._.js:1945
[   35877ms] [ERROR] ./app/page.tsx:21:8
the name `Image` is defined multiple times
  19 | ];
  20 |
> 21 | import Image from "next/image";
     |        ^^^^^
  22 |
  23 | const products = [
  24 |   {

Ecmascript file had an error @ http://localhost:3000/_next/static/chunks/node_modules_next_dist_1gdrd03._.js:1945
[   35937ms] [ERROR] ./app/page.tsx:21:8
the name `Image` is defined multiple times
  19 | ];
  20 |
> 21 | import Image from "next/image";
     |        ^^^^^
  22 |
  23 | const products = [
  24 |   {

Ecmascript file had an error @ http://localhost:3000/_next/static/chunks/node_modules_next_dist_1gdrd03._.js:1945
[   35999ms] [ERROR] ./app/page.tsx:21:8
the name `Image` is defined multiple times
  19 | ];
  20 |
> 21 | import Image from "next/image";
     |        ^^^^^
  22 |
  23 | const products = [
  24 |   {

Ecmascript file had an error @ http://localhost:3000/_next/static/chunks/node_modules_next_dist_1gdrd03._.js:1945
[   36063ms] [ERROR] ./app/page.tsx:21:8
the name `Image` is defined multiple times
  19 | ];
  20 |
> 21 | import Image from "next/image";
     |        ^^^^^
  22 |
  23 | const products = [
  24 |   {

Ecmascript file had an error @ http://localhost:3000/_next/static/chunks/node_modules_next_dist_1gdrd03._.js:1945
[   36124ms] [ERROR] ./app/page.tsx:21:8
the name `Image` is defined multiple times
  19 | ];
  20 |
> 21 | import Image from "next/image";
     |        ^^^^^
  22 |
  23 | const products = [
  24 |   {

Ecmascript file had an error @ http://localhost:3000/_next/static/chunks/node_modules_next_dist_1gdrd03._.js:1945
[   36185ms] [ERROR] ./app/page.tsx:21:8
the name `Image` is defined multiple times
  19 | ];
  20 |
> 21 | import Image from "next/image";
     |        ^^^^^
  22 |
  23 | const products = [
  24 |   {

Ecmascript file had an error @ http://localhost:3000/_next/static/chunks/node_modules_next_dist_1gdrd03._.js:1945
[   36248ms] [ERROR] ./app/page.tsx:21:8
the name `Image` is defined multiple times
  19 | ];
  20 |
> 21 | import Image from "next/image";
     |        ^^^^^
  22 |
  23 | const products = [
  24 |   {

Ecmascript file had an error @ http://localhost:3000/_next/static/chunks/node_modules_next_dist_1gdrd03._.js:1945
[   36316ms] [ERROR] ./app/page.tsx:21:8
the name `Image` is defined multiple times
  19 | ];
  20 |
> 21 | import Image from "next/image";
     |        ^^^^^
  22 |
  23 | const products = [
  24 |   {

Ecmascript file had an error @ http://localhost:3000/_next/static/chunks/node_modules_next_dist_1gdrd03._.js:1945
[   36374ms] [ERROR] ./app/page.tsx:21:8
the name `Image` is defined multiple times
  19 | ];
  20 |
> 21 | import Image from "next/image";
     |        ^^^^^
  22 |
  23 | const products = [
  24 |   {

Ecmascript file had an error @ http://localhost:3000/_next/static/chunks/node_modules_next_dist_1gdrd03._.js:1945
[   36433ms] [ERROR] ./app/page.tsx:21:8
the name `Image` is defined multiple times
  19 | ];
  20 |
> 21 | import Image from "next/image";
     |        ^^^^^
  22 |
  23 | const products = [
  24 |   {

Ecmascript file had an error @ http://localhost:3000/_next/static/chunks/node_modules_next_dist_1gdrd03._.js:1945
[   36496ms] [ERROR] ./app/page.tsx:21:8
the name `Image` is defined multiple times
  19 | ];
  20 |
> 21 | import Image from "next/image";
     |        ^^^^^
  22 |
  23 | const products = [
  24 |   {

Ecmascript file had an error @ http://localhost:3000/_next/static/chunks/node_modules_next_dist_1gdrd03._.js:1945
[   36556ms] [ERROR] ./app/page.tsx:21:8
the name `Image` is defined multiple times
  19 | ];
  20 |
> 21 | import Image from "next/image";
     |        ^^^^^
  22 |
  23 | const products = [
  24 |   {

Ecmascript file had an error @ http://localhost:3000/_next/static/chunks/node_modules_next_dist_1gdrd03._.js:1945
[   36618ms] [ERROR] ./app/page.tsx:21:8
the name `Image` is defined multiple times
  19 | ];
  20 |
> 21 | import Image from "next/image";
     |        ^^^^^
  22 |
  23 | const products = [
  24 |   {

Ecmascript file had an error @ http://localhost:3000/_next/static/chunks/node_modules_next_dist_1gdrd03._.js:1945
[   36681ms] [ERROR] ./app/page.tsx:21:8
the name `Image` is defined multiple times
  19 | ];
  20 |
> 21 | import Image from "next/image";
     |        ^^^^^
  22 |
  23 | const products = [
  24 |   {

Ecmascript file had an error @ http://localhost:3000/_next/static/chunks/node_modules_next_dist_1gdrd03._.js:1945
[   36742ms] [ERROR] ./app/page.tsx:21:8
the name `Image` is defined multiple times
  19 | ];
  20 |
> 21 | import Image from "next/image";
     |        ^^^^^
  22 |
  23 | const products = [
  24 |   {

Ecmascript file had an error @ http://localhost:3000/_next/static/chunks/node_modules_next_dist_1gdrd03._.js:1945
[   36803ms] [ERROR] ./app/page.tsx:21:8
the name `Image` is defined multiple times
  19 | ];
  20 |
> 21 | import Image from "next/image";
     |        ^^^^^
  22 |
  23 | const products = [
  24 |   {

Ecmascript file had an error @ http://localhost:3000/_next/static/chunks/node_modules_next_dist_1gdrd03._.js:1945
[   36864ms] [ERROR] ./app/page.tsx:21:8
the name `Image` is defined multiple times
  19 | ];
  20 |
> 21 | import Image from "next/image";
     |        ^^^^^
  22 |
  23 | const products = [
  24 |   {

Ecmascript file had an error @ http://localhost:3000/_next/static/chunks/node_modules_next_dist_1gdrd03._.js:1945
[   36925ms] [ERROR] ./app/page.tsx:21:8
the name `Image` is defined multiple times
  19 | ];
  20 |
> 21 | import Image from "next/image";
     |        ^^^^^
  22 |
  23 | const products = [
  24 |   {

Ecmascript file had an error @ http://localhost:3000/_next/static/chunks/node_modules_next_dist_1gdrd03._.js:1945
[   36986ms] [ERROR] ./app/page.tsx:21:8
the name `Image` is defined multiple times
  19 | ];
  20 |
> 21 | import Image from "next/image";
     |        ^^^^^
  22 |
  23 | const products = [
  24 |   {

Ecmascript file had an error @ http://localhost:3000/_next/static/chunks/node_modules_next_dist_1gdrd03._.js:1945
[   37048ms] [ERROR] ./app/page.tsx:21:8
the name `Image` is defined multiple times
  19 | ];
  20 |
> 21 | import Image from "next/image";
     |        ^^^^^
  22 |
  23 | const products = [
  24 |   {

Ecmascript file had an error @ http://localhost:3000/_next/static/chunks/node_modules_next_dist_1gdrd03._.js:1945
[   37111ms] [ERROR] ./app/page.tsx:21:8
the name `Image` is defined multiple times
  19 | ];
  20 |
> 21 | import Image from "next/image";
     |        ^^^^^
  22 |
  23 | const products = [
  24 |   {

Ecmascript file had an error @ http://localhost:3000/_next/static/chunks/node_modules_next_dist_1gdrd03._.js:1945
[   37173ms] [ERROR] ./app/page.tsx:21:8
the name `Image` is defined multiple times
  19 | ];
  20 |
> 21 | import Image from "next/image";
     |        ^^^^^
  22 |
  23 | const products = [
  24 |   {

Ecmascript file had an error @ http://localhost:3000/_next/static/chunks/node_modules_next_dist_1gdrd03._.js:1945
[   37236ms] [ERROR] ./app/page.tsx:21:8
the name `Image` is defined multiple times
  19 | ];
  20 |
> 21 | import Image from "next/image";
     |        ^^^^^
  22 |
  23 | const products = [
  24 |   {

Ecmascript file had an error @ http://localhost:3000/_next/static/chunks/node_modules_next_dist_1gdrd03._.js:1945
[   37300ms] [ERROR] ./app/page.tsx:21:8
the name `Image` is defined multiple times
  19 | ];
  20 |
> 21 | import Image from "next/image";
     |        ^^^^^
  22 |
  23 | const products = [
  24 |   {

Ecmascript file had an error @ http://localhost:3000/_next/static/chunks/node_modules_next_dist_1gdrd03._.js:1945
[   37363ms] [ERROR] ./app/page.tsx:21:8
the name `Image` is defined multiple times
  19 | ];
  20 |
> 21 | import Image from "next/image";
     |        ^^^^^
  22 |
  23 | const products = [
  24 |   {

Ecmascript file had an error @ http://localhost:3000/_next/static/chunks/node_modules_next_dist_1gdrd03._.js:1945
[   37425ms] [ERROR] ./app/page.tsx:21:8
the name `Image` is defined multiple times
  19 | ];
  20 |
> 21 | import Image from "next/image";
     |        ^^^^^
  22 |
  23 | const products = [
  24 |   {

Ecmascript file had an error @ http://localhost:3000/_next/static/chunks/node_modules_next_dist_1gdrd03._.js:1945
[   37486ms] [ERROR] ./app/page.tsx:21:8
the name `Image` is defined multiple times
  19 | ];
  20 |
> 21 | import Image from "next/image";
     |        ^^^^^
  22 |
  23 | const products = [
  24 |   {

Ecmascript file had an error @ http://localhost:3000/_next/static/chunks/node_modules_next_dist_1gdrd03._.js:1945
[   37547ms] [ERROR] ./app/page.tsx:21:8
the name `Image` is defined multiple times
  19 | ];
  20 |
> 21 | import Image from "next/image";
     |        ^^^^^
  22 |
  23 | const products = [
  24 |   {

Ecmascript file had an error @ http://localhost:3000/_next/static/chunks/node_modules_next_dist_1gdrd03._.js:1945
[   37609ms] [ERROR] ./app/page.tsx:21:8
the name `Image` is defined multiple times
  19 | ];
  20 |
> 21 | import Image from "next/image";
     |        ^^^^^
  22 |
  23 | const products = [
  24 |   {

Ecmascript file had an error @ http://localhost:3000/_next/static/chunks/node_modules_next_dist_1gdrd03._.js:1945
[   37671ms] [ERROR] ./app/page.tsx:21:8
the name `Image` is defined multiple times
  19 | ];
  20 |
> 21 | import Image from "next/image";
     |        ^^^^^
  22 |
  23 | const products = [
  24 |   {

Ecmascript file had an error @ http://localhost:3000/_next/static/chunks/node_modules_next_dist_1gdrd03._.js:1945
[   37732ms] [ERROR] ./app/page.tsx:21:8
the name `Image` is defined multiple times
  19 | ];
  20 |
> 21 | import Image from "next/image";
     |        ^^^^^
  22 |
  23 | const products = [
  24 |   {

Ecmascript file had an error @ http://localhost:3000/_next/static/chunks/node_modules_next_dist_1gdrd03._.js:1945
[   37794ms] [ERROR] ./app/page.tsx:21:8
the name `Image` is defined multiple times
  19 | ];
  20 |
> 21 | import Image from "next/image";
     |        ^^^^^
  22 |
  23 | const products = [
  24 |   {

Ecmascript file had an error @ http://localhost:3000/_next/static/chunks/node_modules_next_dist_1gdrd03._.js:1945
[   37857ms] [ERROR] ./app/page.tsx:21:8
the name `Image` is defined multiple times
  19 | ];
  20 |
> 21 | import Image from "next/image";
     |        ^^^^^
  22 |
  23 | const products = [
  24 |   {

Ecmascript file had an error @ http://localhost:3000/_next/static/chunks/node_modules_next_dist_1gdrd03._.js:1945
[   37918ms] [ERROR] ./app/page.tsx:21:8
the name `Image` is defined multiple times
  19 | ];
  20 |
> 21 | import Image from "next/image";
     |        ^^^^^
  22 |
  23 | const products = [
  24 |   {

Ecmascript file had an error @ http://localhost:3000/_next/static/chunks/node_modules_next_dist_1gdrd03._.js:1945
[   37981ms] [ERROR] ./app/page.tsx:21:8
the name `Image` is defined multiple times
  19 | ];
  20 |
> 21 | import Image from "next/image";
     |        ^^^^^
  22 |
  23 | const products = [
  24 |   {

Ecmascript file had an error @ http://localhost:3000/_next/static/chunks/node_modules_next_dist_1gdrd03._.js:1945
[   38043ms] [ERROR] ./app/page.tsx:21:8
the name `Image` is defined multiple times
  19 | ];
  20 |
> 21 | import Image from "next/image";
     |        ^^^^^
  22 |
  23 | const products = [
  24 |   {

Ecmascript file had an error @ http://localhost:3000/_next/static/chunks/node_modules_next_dist_1gdrd03._.js:1945
[   38104ms] [ERROR] ./app/page.tsx:21:8
the name `Image` is defined multiple times
  19 | ];
  20 |
> 21 | import Image from "next/image";
     |        ^^^^^
  22 |
  23 | const products = [
  24 |   {

Ecmascript file had an error @ http://localhost:3000/_next/static/chunks/node_modules_next_dist_1gdrd03._.js:1945
[   38167ms] [ERROR] ./app/page.tsx:21:8
the name `Image` is defined multiple times
  19 | ];
  20 |
> 21 | import Image from "next/image";
     |        ^^^^^
  22 |
  23 | const products = [
  24 |   {

Ecmascript file had an error @ http://localhost:3000/_next/static/chunks/node_modules_next_dist_1gdrd03._.js:1945
[   38228ms] [ERROR] ./app/page.tsx:21:8
the name `Image` is defined multiple times
  19 | ];
  20 |
> 21 | import Image from "next/image";
     |        ^^^^^
  22 |
  23 | const products = [
  24 |   {

Ecmascript file had an error @ http://localhost:3000/_next/static/chunks/node_modules_next_dist_1gdrd03._.js:1945
[   38290ms] [ERROR] ./app/page.tsx:21:8
the name `Image` is defined multiple times
  19 | ];
  20 |
> 21 | import Image from "next/image";
     |        ^^^^^
  22 |
  23 | const products = [
  24 |   {

Ecmascript file had an error @ http://localhost:3000/_next/static/chunks/node_modules_next_dist_1gdrd03._.js:1945
[   38351ms] [ERROR] ./app/page.tsx:21:8
the name `Image` is defined multiple times
  19 | ];
  20 |
> 21 | import Image from "next/image";
     |        ^^^^^
  22 |
  23 | const products = [
  24 |   {

Ecmascript file had an error @ http://localhost:3000/_next/static/chunks/node_modules_next_dist_1gdrd03._.js:1945
[   38414ms] [ERROR] ./app/page.tsx:21:8
the name `Image` is defined multiple times
  19 | ];
  20 |
> 21 | import Image from "next/image";
     |        ^^^^^
  22 |
  23 | const products = [
  24 |   {

Ecmascript file had an error @ http://localhost:3000/_next/static/chunks/node_modules_next_dist_1gdrd03._.js:1945
[   38477ms] [ERROR] ./app/page.tsx:21:8
the name `Image` is defined multiple times
  19 | ];
  20 |
> 21 | import Image from "next/image";
     |        ^^^^^
  22 |
  23 | const products = [
  24 |   {

Ecmascript file had an error @ http://localhost:3000/_next/static/chunks/node_modules_next_dist_1gdrd03._.js:1945
[   38539ms] [ERROR] ./app/page.tsx:21:8
the name `Image` is defined multiple times
  19 | ];
  20 |
> 21 | import Image from "next/image";
     |        ^^^^^
  22 |
  23 | const products = [
  24 |   {

Ecmascript file had an error @ http://localhost:3000/_next/static/chunks/node_modules_next_dist_1gdrd03._.js:1945
[   38601ms] [ERROR] ./app/page.tsx:21:8
the name `Image` is defined multiple times
  19 | ];
  20 |
> 21 | import Image from "next/image";
     |        ^^^^^
  22 |
  23 | const products = [
  24 |   {

Ecmascript file had an error @ http://localhost:3000/_next/static/chunks/node_modules_next_dist_1gdrd03._.js:1945
[   38663ms] [ERROR] ./app/page.tsx:21:8
the name `Image` is defined multiple times
  19 | ];
  20 |
> 21 | import Image from "next/image";
     |        ^^^^^
  22 |
  23 | const products = [
  24 |   {

Ecmascript file had an error @ http://localhost:3000/_next/static/chunks/node_modules_next_dist_1gdrd03._.js:1945
[   38727ms] [ERROR] ./app/page.tsx:21:8
the name `Image` is defined multiple times
  19 | ];
  20 |
> 21 | import Image from "next/image";
     |        ^^^^^
  22 |
  23 | const products = [
  24 |   {

Ecmascript file had an error @ http://localhost:3000/_next/static/chunks/node_modules_next_dist_1gdrd03._.js:1945
[   38789ms] [ERROR] ./app/page.tsx:21:8
the name `Image` is defined multiple times
  19 | ];
  20 |
> 21 | import Image from "next/image";
     |        ^^^^^
  22 |
  23 | const products = [
  24 |   {

Ecmascript file had an error @ http://localhost:3000/_next/static/chunks/node_modules_next_dist_1gdrd03._.js:1945
[   38851ms] [ERROR] ./app/page.tsx:21:8
the name `Image` is defined multiple times
  19 | ];
  20 |
> 21 | import Image from "next/image";
     |        ^^^^^
  22 |
  23 | const products = [
  24 |   {

Ecmascript file had an error @ http://localhost:3000/_next/static/chunks/node_modules_next_dist_1gdrd03._.js:1945
[   38914ms] [ERROR] ./app/page.tsx:21:8
the name `Image` is defined multiple times
  19 | ];
  20 |
> 21 | import Image from "next/image";
     |        ^^^^^
  22 |
  23 | const products = [
  24 |   {

Ecmascript file had an error @ http://localhost:3000/_next/static/chunks/node_modules_next_dist_1gdrd03._.js:1945
[   38977ms] [ERROR] ./app/page.tsx:21:8
the name `Image` is defined multiple times
  19 | ];
  20 |
> 21 | import Image from "next/image";
     |        ^^^^^
  22 |
  23 | const products = [
  24 |   {

Ecmascript file had an error @ http://localhost:3000/_next/static/chunks/node_modules_next_dist_1gdrd03._.js:1945
[   39039ms] [ERROR] ./app/page.tsx:21:8
the name `Image` is defined multiple times
  19 | ];
  20 |
> 21 | import Image from "next/image";
     |        ^^^^^
  22 |
  23 | const products = [
  24 |   {

Ecmascript file had an error @ http://localhost:3000/_next/static/chunks/node_modules_next_dist_1gdrd03._.js:1945
[   39101ms] [ERROR] ./app/page.tsx:21:8
the name `Image` is defined multiple times
  19 | ];
  20 |
> 21 | import Image from "next/image";
     |        ^^^^^
  22 |
  23 | const products = [
  24 |   {

Ecmascript file had an error @ http://localhost:3000/_next/static/chunks/node_modules_next_dist_1gdrd03._.js:1945
[   39163ms] [ERROR] ./app/page.tsx:21:8
the name `Image` is defined multiple times
  19 | ];
  20 |
> 21 | import Image from "next/image";
     |        ^^^^^
  22 |
  23 | const products = [
  24 |   {

Ecmascript file had an error @ http://localhost:3000/_next/static/chunks/node_modules_next_dist_1gdrd03._.js:1945
[   39226ms] [ERROR] ./app/page.tsx:21:8
the name `Image` is defined multiple times
  19 | ];
  20 |
> 21 | import Image from "next/image";
     |        ^^^^^
  22 |
  23 | const products = [
  24 |   {

Ecmascript file had an error @ http://localhost:3000/_next/static/chunks/node_modules_next_dist_1gdrd03._.js:1945
[   39289ms] [ERROR] ./app/page.tsx:21:8
the name `Image` is defined multiple times
  19 | ];
  20 |
> 21 | import Image from "next/image";
     |        ^^^^^
  22 |
  23 | const products = [
  24 |   {

Ecmascript file had an error @ http://localhost:3000/_next/static/chunks/node_modules_next_dist_1gdrd03._.js:1945
[   39353ms] [ERROR] ./app/page.tsx:21:8
the name `Image` is defined multiple times
  19 | ];
  20 |
> 21 | import Image from "next/image";
     |        ^^^^^
  22 |
  23 | const products = [
  24 |   {

Ecmascript file had an error @ http://localhost:3000/_next/static/chunks/node_modules_next_dist_1gdrd03._.js:1945
[   39415ms] [ERROR] ./app/page.tsx:21:8
the name `Image` is defined multiple times
  19 | ];
  20 |
> 21 | import Image from "next/image";
     |        ^^^^^
  22 |
  23 | const products = [
  24 |   {

Ecmascript file had an error @ http://localhost:3000/_next/static/chunks/node_modules_next_dist_1gdrd03._.js:1945
[   39477ms] [ERROR] ./app/page.tsx:21:8
the name `Image` is defined multiple times
  19 | ];
  20 |
> 21 | import Image from "next/image";
     |        ^^^^^
  22 |
  23 | const products = [
  24 |   {

Ecmascript file had an error @ http://localhost:3000/_next/static/chunks/node_modules_next_dist_1gdrd03._.js:1945
[   39540ms] [ERROR] ./app/page.tsx:21:8
the name `Image` is defined multiple times
  19 | ];
  20 |
> 21 | import Image from "next/image";
     |        ^^^^^
  22 |
  23 | const products = [
  24 |   {

Ecmascript file had an error @ http://localhost:3000/_next/static/chunks/node_modules_next_dist_1gdrd03._.js:1945
[   39590ms] [ERROR] ./app/page.tsx:21:8
the name `Image` is defined multiple times
  19 | ];
  20 |
> 21 | import Image from "next/image";
     |        ^^^^^
  22 |
  23 | const products = [
  24 |   {

Ecmascript file had an error @ http://localhost:3000/_next/static/chunks/node_modules_next_dist_1gdrd03._.js:1945
[   39692ms] [LOG] [Fast Refresh] rebuilding @ http://localhost:3000/_next/static/chunks/node_modules_next_dist_1gdrd03._.js:1226
[   39710ms] [ERROR] ./app/page.tsx:21:8
the name `Image` is defined multiple times
  19 | ];
  20 |
> 21 | import Image from "next/image";
     |        ^^^^^
  22 |
  23 | const products = [
  24 |   {

Ecmascript file had an error @ http://localhost:3000/_next/static/chunks/node_modules_next_dist_1gdrd03._.js:1945
[   39781ms] [LOG] [Fast Refresh] rebuilding @ http://localhost:3000/_next/static/chunks/node_modules_next_dist_1gdrd03._.js:1226
[   39869ms] [LOG] [Fast Refresh] done in 148ms @ http://localhost:3000/_next/static/chunks/node_modules_next_dist_1gdrd03._.js:1226
[   40017ms] [LOG] [Fast Refresh] rebuilding @ http://localhost:3000/_next/static/chunks/node_modules_next_dist_1gdrd03._.js:1226
[   41023ms] [LOG] [Fast Refresh] done in 1107ms @ http://localhost:3000/_next/static/chunks/node_modules_next_dist_1gdrd03._.js:1226
[   41213ms] [LOG] [Fast Refresh] rebuilding @ http://localhost:3000/_next/static/chunks/node_modules_next_dist_1gdrd03._.js:1226
[   41218ms] [LOG] [Fast Refresh] done in 112ms @ http://localhost:3000/_next/static/chunks/node_modules_next_dist_1gdrd03._.js:1226
[   41546ms] [INFO] %cDownload the React DevTools for a better development experience: https://react.dev/link/react-devtools font-weight:bold @ http://localhost:3000/_next/static/chunks/node_modules_next_dist_1ybzpk2._.js:2477
[   41597ms] [LOG] [HMR] connected @ http://localhost:3000/_next/static/chunks/node_modules_next_dist_1ybzpk2._.js:2477
[   41787ms] [LOG] [Fast Refresh] rebuilding @ http://localhost:3000/_next/static/chunks/node_modules_next_dist_1ybzpk2._.js:2477
[   41942ms] [LOG] [Fast Refresh] done in 265ms @ http://localhost:3000/_next/static/chunks/node_modules_next_dist_1ybzpk2._.js:2477
[   42001ms] [ERROR] Failed to load resource: the server responded with a status of 400 (Bad Request) @ http://localhost:3000/_next/image?url=%2Fplaceholder-logo-edn.png&w=1080&q=75:0
[   42007ms] [ERROR] Failed to load resource: the server responded with a status of 400 (Bad Request) @ http://localhost:3000/_next/image?url=%2Fplaceholder-logo-galeona.png&w=1080&q=75:0
[  121788ms] [LOG] [Fast Refresh] rebuilding @ http://localhost:3000/_next/static/chunks/node_modules_next_dist_1ybzpk2._.js:2477
[  121819ms] [LOG] [Fast Refresh] done in 145ms @ http://localhost:3000/_next/static/chunks/node_modules_next_dist_1ybzpk2._.js:2477
[  136153ms] [LOG] [Fast Refresh] rebuilding @ http://localhost:3000/_next/static/chunks/node_modules_next_dist_1ybzpk2._.js:2477
[  136169ms] [LOG] [Fast Refresh] done in 123ms @ http://localhost:3000/_next/static/chunks/node_modules_next_dist_1ybzpk2._.js:2477
[  136245ms] [LOG] [Fast Refresh] rebuilding @ http://localhost:3000/_next/static/chunks/node_modules_next_dist_1ybzpk2._.js:2477
[  136314ms] [LOG] [Fast Refresh] done in 139ms @ http://localhost:3000/_next/static/chunks/node_modules_next_dist_1ybzpk2._.js:2477
[  136435ms] [LOG] [Fast Refresh] rebuilding @ http://localhost:3000/_next/static/chunks/node_modules_next_dist_1ybzpk2._.js:2477
[  137301ms] [LOG] [Fast Refresh] done in 979ms @ http://localhost:3000/_next/static/chunks/node_modules_next_dist_1ybzpk2._.js:2477
[  137468ms] [LOG] [Fast Refresh] rebuilding @ http://localhost:3000/_next/static/chunks/node_modules_next_dist_1ybzpk2._.js:2477
[  137500ms] [LOG] [Fast Refresh] done in 140ms @ http://localhost:3000/_next/static/chunks/node_modules_next_dist_1ybzpk2._.js:2477
[  143673ms] [LOG] [Fast Refresh] rebuilding @ http://localhost:3000/_next/static/chunks/node_modules_next_dist_1ybzpk2._.js:2477
[  143777ms] [LOG] [Fast Refresh] done in 207ms @ http://localhost:3000/_next/static/chunks/node_modules_next_dist_1ybzpk2._.js:2477
[  143906ms] [LOG] [Fast Refresh] rebuilding @ http://localhost:3000/_next/static/chunks/node_modules_next_dist_1ybzpk2._.js:2477
[  144737ms] [LOG] [Fast Refresh] done in 939ms @ http://localhost:3000/_next/static/chunks/node_modules_next_dist_1ybzpk2._.js:2477
[  144900ms] [LOG] [Fast Refresh] rebuilding @ http://localhost:3000/_next/static/chunks/node_modules_next_dist_1ybzpk2._.js:2477
[  144955ms] [LOG] [Fast Refresh] done in 157ms @ http://localhost:3000/_next/static/chunks/node_modules_next_dist_1ybzpk2._.js:2477
[  152992ms] [LOG] [Fast Refresh] rebuilding @ http://localhost:3000/_next/static/chunks/node_modules_next_dist_1ybzpk2._.js:2477
[  153062ms] [LOG] [Fast Refresh] done in 160ms @ http://localhost:3000/_next/static/chunks/node_modules_next_dist_1ybzpk2._.js:2477
[  153180ms] [LOG] [Fast Refresh] rebuilding @ http://localhost:3000/_next/static/chunks/node_modules_next_dist_1ybzpk2._.js:2477
[  153950ms] [LOG] [Fast Refresh] done in 873ms @ http://localhost:3000/_next/static/chunks/node_modules_next_dist_1ybzpk2._.js:2477
[  154109ms] [LOG] [Fast Refresh] rebuilding @ http://localhost:3000/_next/static/chunks/node_modules_next_dist_1ybzpk2._.js:2477
[  154232ms] [LOG] [Fast Refresh] done in 226ms @ http://localhost:3000/_next/static/chunks/node_modules_next_dist_1ybzpk2._.js:2477
[  154406ms] [LOG] [Fast Refresh] rebuilding @ http://localhost:3000/_next/static/chunks/node_modules_next_dist_1ybzpk2._.js:2477
[  154427ms] [LOG] [Fast Refresh] done in 124ms @ http://localhost:3000/_next/static/chunks/node_modules_next_dist_1ybzpk2._.js:2477
[  154532ms] [LOG] [Fast Refresh] rebuilding @ http://localhost:3000/_next/static/chunks/node_modules_next_dist_1ybzpk2._.js:2477
[  154579ms] [LOG] [Fast Refresh] done in 150ms @ http://localhost:3000/_next/static/chunks/node_modules_next_dist_1ybzpk2._.js:2477
[  166663ms] [LOG] [Fast Refresh] rebuilding @ http://localhost:3000/_next/static/chunks/node_modules_next_dist_1ybzpk2._.js:2477
[  166817ms] [LOG] [Fast Refresh] done in 264ms @ http://localhost:3000/_next/static/chunks/node_modules_next_dist_1ybzpk2._.js:2477
[  166946ms] [LOG] [Fast Refresh] rebuilding @ http://localhost:3000/_next/static/chunks/node_modules_next_dist_1ybzpk2._.js:2477
[  167850ms] [LOG] [Fast Refresh] done in 1022ms @ http://localhost:3000/_next/static/chunks/node_modules_next_dist_1ybzpk2._.js:2477
[  167968ms] [LOG] [Fast Refresh] rebuilding @ http://localhost:3000/_next/static/chunks/node_modules_next_dist_1ybzpk2._.js:2477
[  167969ms] [LOG] [Fast Refresh] done in 107ms @ http://localhost:3000/_next/static/chunks/node_modules_next_dist_1ybzpk2._.js:2477
[  174247ms] [LOG] [Fast Refresh] rebuilding @ http://localhost:3000/_next/static/chunks/node_modules_next_dist_1ybzpk2._.js:2477
[  174430ms] [LOG] [Fast Refresh] done in 283ms @ http://localhost:3000/_next/static/chunks/node_modules_next_dist_1ybzpk2._.js:2477
[  174542ms] [LOG] [Fast Refresh] rebuilding @ http://localhost:3000/_next/static/chunks/node_modules_next_dist_1ybzpk2._.js:2477
[  175184ms] [LOG] [Fast Refresh] done in 744ms @ http://localhost:3000/_next/static/chunks/node_modules_next_dist_1ybzpk2._.js:2477
