[     128ms] [LOG] [Fast Refresh] rebuilding @ http://localhost:3000/_next/static/chunks/node_modules_next_dist_1ybzpk2._.js:2477
[     416ms] [LOG] [Fast Refresh] done in 401ms @ http://localhost:3000/_next/static/chunks/node_modules_next_dist_1ybzpk2._.js:2477
[     638ms] [INFO] %cDownload the React DevTools for a better development experience: https://react.dev/link/react-devtools font-weight:bold @ http://localhost:3000/_next/static/chunks/node_modules_next_dist_1ybzpk2._.js:2477
[     681ms] [LOG] [HMR] connected @ http://localhost:3000/_next/static/chunks/node_modules_next_dist_1ybzpk2._.js:2477
[     968ms] [ERROR] Failed to load resource: the server responded with a status of 400 (Bad Request) @ http://localhost:3000/_next/image?url=%2Fplaceholder-logo-galeona.png&w=1080&q=75:0
[     984ms] [ERROR] Failed to load resource: the server responded with a status of 400 (Bad Request) @ http://localhost:3000/_next/image?url=%2Fplaceholder-logo-edn.png&w=1080&q=75:0
[    1052ms] [LOG] [Fast Refresh] rebuilding @ http://localhost:3000/_next/static/chunks/node_modules_next_dist_1ybzpk2._.js:2477
[    1054ms] [LOG] [Fast Refresh] done in 108ms @ http://localhost:3000/_next/static/chunks/node_modules_next_dist_1ybzpk2._.js:2477
[    8764ms] [LOG] [Fast Refresh] rebuilding @ http://localhost:3000/_next/static/chunks/node_modules_next_dist_1ybzpk2._.js:2477
[    8828ms] [LOG] [Fast Refresh] done in 166ms @ http://localhost:3000/_next/static/chunks/node_modules_next_dist_1ybzpk2._.js:2477
[  226162ms] [LOG] [Fast Refresh] rebuilding @ http://localhost:3000/_next/static/chunks/node_modules_next_dist_1ybzpk2._.js:2477
[  226194ms] [LOG] [Fast Refresh] done in 133ms @ http://localhost:3000/_next/static/chunks/node_modules_next_dist_1ybzpk2._.js:2477
[  248642ms] [LOG] [Fast Refresh] rebuilding @ http://localhost:3000/_next/static/chunks/node_modules_next_dist_1ybzpk2._.js:2477
[  248660ms] [LOG] [Fast Refresh] done in 132ms @ http://localhost:3000/_next/static/chunks/node_modules_next_dist_1ybzpk2._.js:2477
[ 1498717ms] [ERROR] Failed to load resource: net::ERR_NAME_NOT_RESOLVED @ http://gc.kis.v2.scr.kaspersky-labs.com/8AF4F878-1496-4888-AA7F-1FD8B859BC0F/F4AD1F8D-31B6-4F06-85C5-35B9459C5FDA/from?get&nocache=13ac7&tm=2026-06-06T18%3A17%3A11.012Z:0
[ 1498720ms] [ERROR] Failed to load resource: net::ERR_NAME_NOT_RESOLVED @ http://gc.kis.v2.scr.kaspersky-labs.com/8AF4F878-1496-4888-AA7F-1FD8B859BC0F/F4AD1F8D-31B6-4F06-85C5-35B9459C5FDA/from?get&nocache=1c674&tm=2026-06-06T18%3A17%3A12.850Z&second=true:0
[ 1498727ms] [LOG] [HMR] connected @ http://localhost:3000/_next/static/chunks/node_modules_next_dist_1ybzpk2._.js:2477
[ 2680644ms] [ERROR] Failed to load resource: net::ERR_NAME_NOT_RESOLVED @ http://gc.kis.v2.scr.kaspersky-labs.com/8AF4F878-1496-4888-AA7F-1FD8B859BC0F/0AEDACD3-A84D-4B2D-8C32-F275E7E15358/from?get&nocache=13299&tm=2026-06-06T18%3A36%3A52.946Z:0
[ 2680653ms] [ERROR] Failed to load resource: net::ERR_NAME_NOT_RESOLVED @ http://gc.kis.v2.scr.kaspersky-labs.com/8AF4F878-1496-4888-AA7F-1FD8B859BC0F/0AEDACD3-A84D-4B2D-8C32-F275E7E15358/from?get&nocache=1da6a&tm=2026-06-06T18%3A36%3A54.777Z&second=true:0
[ 2680662ms] [LOG] [HMR] connected @ http://localhost:3000/_next/static/chunks/node_modules_next_dist_1ybzpk2._.js:2477
