[     123ms] [LOG] [Fast Refresh] rebuilding @ http://localhost:3000/_next/static/chunks/node_modules_next_dist_1ybzpk2._.js:2477
[     307ms] [LOG] [Fast Refresh] done in 291ms @ http://localhost:3000/_next/static/chunks/node_modules_next_dist_1ybzpk2._.js:2477
[     539ms] [INFO] %cDownload the React DevTools for a better development experience: https://react.dev/link/react-devtools font-weight:bold @ http://localhost:3000/_next/static/chunks/node_modules_next_dist_1ybzpk2._.js:2477
[     611ms] [LOG] [HMR] connected @ http://localhost:3000/_next/static/chunks/node_modules_next_dist_1ybzpk2._.js:2477
[    1165ms] [ERROR] Failed to load resource: the server responded with a status of 400 (Bad Request) @ http://localhost:3000/_next/image?url=%2Fplaceholder-logo-galeona.png&w=1080&q=75:0
[    1192ms] [ERROR] Failed to load resource: the server responded with a status of 400 (Bad Request) @ http://localhost:3000/_next/image?url=%2Fplaceholder-logo-edn.png&w=1080&q=75:0
[   25602ms] [LOG] [Fast Refresh] rebuilding @ http://localhost:3000/_next/static/chunks/node_modules_next_dist_1ybzpk2._.js:2477
[   25706ms] [LOG] [Fast Refresh] done in 199ms @ http://localhost:3000/_next/static/chunks/node_modules_next_dist_1ybzpk2._.js:2477
[   25833ms] [LOG] [Fast Refresh] rebuilding @ http://localhost:3000/_next/static/chunks/node_modules_next_dist_1ybzpk2._.js:2477
[   26253ms] [LOG] [Fast Refresh] done in 529ms @ http://localhost:3000/_next/static/chunks/node_modules_next_dist_1ybzpk2._.js:2477
[   47005ms] [LOG] [Fast Refresh] rebuilding @ http://localhost:3000/_next/static/chunks/node_modules_next_dist_1ybzpk2._.js:2477
[   47094ms] [LOG] [Fast Refresh] done in 188ms @ http://localhost:3000/_next/static/chunks/node_modules_next_dist_1ybzpk2._.js:2477
[   47205ms] [LOG] [Fast Refresh] rebuilding @ http://localhost:3000/_next/static/chunks/node_modules_next_dist_1ybzpk2._.js:2477
[   47447ms] [LOG] [Fast Refresh] done in 344ms @ http://localhost:3000/_next/static/chunks/node_modules_next_dist_1ybzpk2._.js:2477
[   76527ms] [LOG] [Fast Refresh] rebuilding @ http://localhost:3000/_next/static/chunks/node_modules_next_dist_1ybzpk2._.js:2477
[   76583ms] [LOG] [Fast Refresh] done in 159ms @ http://localhost:3000/_next/static/chunks/node_modules_next_dist_1ybzpk2._.js:2477
[   76698ms] [LOG] [Fast Refresh] rebuilding @ http://localhost:3000/_next/static/chunks/node_modules_next_dist_1ybzpk2._.js:2477
[   76939ms] [LOG] [Fast Refresh] done in 348ms @ http://localhost:3000/_next/static/chunks/node_modules_next_dist_1ybzpk2._.js:2477
[  254433ms] [LOG] [Fast Refresh] rebuilding @ http://localhost:3000/_next/static/chunks/node_modules_next_dist_1ybzpk2._.js:2477
[  255706ms] [LOG] [Fast Refresh] done in 1383ms @ http://localhost:3000/_next/static/chunks/node_modules_next_dist_1ybzpk2._.js:2477
[  257561ms] [LOG] [Fast Refresh] rebuilding @ http://localhost:3000/_next/static/chunks/node_modules_next_dist_1ybzpk2._.js:2477
[  257671ms] [LOG] [Fast Refresh] done in 215ms @ http://localhost:3000/_next/static/chunks/node_modules_next_dist_1ybzpk2._.js:2477
[  267942ms] [LOG] [Fast Refresh] rebuilding @ http://localhost:3000/_next/static/chunks/node_modules_next_dist_1ybzpk2._.js:2477
[  269036ms] [ERROR] ./app/page.tsx:5:1
Export SiGooglepodcasts doesn't exist in target module
  3 | ...Twitter, FaTiktok, FaSpotify,
  4 | .../fa6";
> 5 | ...eck, SiGooglepodcasts } fro...
    |    ^^^^^^^^^^^^^^^^^^^^^^^^^^^^^^
  6 | ...
  7 | ... [
  8 | ...",      href: "#", Icon: Fa...

The export SiGooglepodcasts was not found in module [project]/node_modules/react-icons/si/index.mjs [app-rsc] (ecmascript).
Did you mean to import SiGooglecast?
All exports of the module are statically known (It doesn't have dynamic exports). So it's known statically that the requested export doesn't exist. @ http://localhost:3000/_next/static/chunks/node_modules_next_dist_1ybzpk2._.js:3318
[  269142ms] [ERROR] ./app/page.tsx:5:1
Export SiGooglepodcasts doesn't exist in target module
  3 | ...Twitter, FaTiktok, FaSpotify,
  4 | .../fa6";
> 5 | ...eck, SiGooglepodcasts } fro...
    |    ^^^^^^^^^^^^^^^^^^^^^^^^^^^^^^
  6 | ...
  7 | ... [
  8 | ...",      href: "#", Icon: Fa...

The export SiGooglepodcasts was not found in module [project]/node_modules/react-icons/si/index.mjs [app-rsc] (ecmascript).
Did you mean to import SiGooglecast?
All exports of the module are statically known (It doesn't have dynamic exports). So it's known statically that the requested export doesn't exist. @ http://localhost:3000/_next/static/chunks/node_modules_next_dist_1ybzpk2._.js:3318
[  269256ms] [LOG] [Fast Refresh] rebuilding @ http://localhost:3000/_next/static/chunks/node_modules_next_dist_1ybzpk2._.js:2477
[  269990ms] [ERROR] ./app/page.tsx:5:1
Export SiGooglepodcasts doesn't exist in target module
  3 | ...Twitter, FaTiktok, FaSpotify,
  4 | .../fa6";
> 5 | ...eck, SiGooglepodcasts } fro...
    |    ^^^^^^^^^^^^^^^^^^^^^^^^^^^^^^
  6 | ...
  7 | ... [
  8 | ...",      href: "#", Icon: Fa...

The export SiGooglepodcasts was not found in module [project]/node_modules/react-icons/si/index.mjs [app-rsc] (ecmascript).
Did you mean to import SiGooglecast?
All exports of the module are statically known (It doesn't have dynamic exports). So it's known statically that the requested export doesn't exist. @ http://localhost:3000/_next/static/chunks/node_modules_next_dist_1ybzpk2._.js:3318
[  270094ms] [LOG] [Fast Refresh] rebuilding @ http://localhost:3000/_next/static/chunks/node_modules_next_dist_1ybzpk2._.js:2477
[  270128ms] [ERROR] ./app/page.tsx:5:1
Export SiGooglepodcasts doesn't exist in target module
  3 | ...Twitter, FaTiktok, FaSpotify,
  4 | .../fa6";
> 5 | ...eck, SiGooglepodcasts } fro...
    |    ^^^^^^^^^^^^^^^^^^^^^^^^^^^^^^
  6 | ...
  7 | ... [
  8 | ...",      href: "#", Icon: Fa...

The export SiGooglepodcasts was not found in module [project]/node_modules/react-icons/si/index.mjs [app-rsc] (ecmascript).
Did you mean to import SiGooglecast?
All exports of the module are statically known (It doesn't have dynamic exports). So it's known statically that the requested export doesn't exist. @ http://localhost:3000/_next/static/chunks/node_modules_next_dist_1ybzpk2._.js:3318
[  270229ms] [LOG] [Fast Refresh] rebuilding @ http://localhost:3000/_next/static/chunks/node_modules_next_dist_1ybzpk2._.js:2477
[  271097ms] [ERROR] ./app/page.tsx:5:1
Export SiGooglepodcasts doesn't exist in target module
  3 | ...Twitter, FaTiktok, FaSpotify,
  4 | .../fa6";
> 5 | ...eck, SiGooglepodcasts } fro...
    |    ^^^^^^^^^^^^^^^^^^^^^^^^^^^^^^
  6 | ...
  7 | ... [
  8 | ...",      href: "#", Icon: Fa...

The export SiGooglepodcasts was not found in module [project]/node_modules/react-icons/si/index.mjs [app-rsc] (ecmascript).
Did you mean to import SiGooglecast?
All exports of the module are statically known (It doesn't have dynamic exports). So it's known statically that the requested export doesn't exist. @ http://localhost:3000/_next/static/chunks/node_modules_next_dist_1ybzpk2._.js:3318
[  271374ms] [ERROR] Failed to load resource: the server responded with a status of 500 (Internal Server Error) @ http://localhost:3000/?_rsc=q3mOO9BClNZHexY7:0
[  271503ms] [LOG] [Fast Refresh] rebuilding @ http://localhost:3000/_next/static/chunks/node_modules_next_dist_1ybzpk2._.js:2477
[  271557ms] [ERROR] ./app/page.tsx:5:1
Export SiGooglepodcasts doesn't exist in target module
  3 | ...Twitter, FaTiktok, FaSpotify,
  4 | .../fa6";
> 5 | ...eck, SiGooglepodcasts } fro...
    |    ^^^^^^^^^^^^^^^^^^^^^^^^^^^^^^
  6 | ...
  7 | ... [
  8 | ...",      href: "#", Icon: Fa...

The export SiGooglepodcasts was not found in module [project]/node_modules/react-icons/si/index.mjs [app-rsc] (ecmascript).
Did you mean to import SiGooglecast?
All exports of the module are statically known (It doesn't have dynamic exports). So it's known statically that the requested export doesn't exist. @ http://localhost:3000/_next/static/chunks/node_modules_next_dist_1ybzpk2._.js:3318
[  271568ms] [ERROR] ./app/page.tsx:5:1
Export SiGooglepodcasts doesn't exist in target module
  3 | ...Twitter, FaTiktok, FaSpotify,
  4 | .../fa6";
> 5 | ...eck, SiGooglepodcasts } fro...
    |    ^^^^^^^^^^^^^^^^^^^^^^^^^^^^^^
  6 | ...
  7 | ... [
  8 | ...",      href: "#", Icon: Fa...

The export SiGooglepodcasts was not found in module [project]/node_modules/react-icons/si/index.mjs [app-rsc] (ecmascript).
Did you mean to import SiGooglecast?
All exports of the module are statically known (It doesn't have dynamic exports). So it's known statically that the requested export doesn't exist. @ http://localhost:3000/_next/static/chunks/node_modules_next_dist_1ybzpk2._.js:3318
[  271658ms] [LOG] [Fast Refresh] rebuilding @ http://localhost:3000/_next/static/chunks/node_modules_next_dist_1ybzpk2._.js:2477
[  271673ms] [ERROR] ./app/page.tsx:5:1
Export SiGooglepodcasts doesn't exist in target module
  3 | ...Twitter, FaTiktok, FaSpotify,
  4 | .../fa6";
> 5 | ...eck, SiGooglepodcasts } fro...
    |    ^^^^^^^^^^^^^^^^^^^^^^^^^^^^^^
  6 | ...
  7 | ... [
  8 | ...",      href: "#", Icon: Fa...

The export SiGooglepodcasts was not found in module [project]/node_modules/react-icons/si/index.mjs [app-rsc] (ecmascript).
Did you mean to import SiGooglecast?
All exports of the module are statically known (It doesn't have dynamic exports). So it's known statically that the requested export doesn't exist. @ http://localhost:3000/_next/static/chunks/node_modules_next_dist_1ybzpk2._.js:3318
[  271692ms] [ERROR] Failed to load resource: the server responded with a status of 500 (Internal Server Error) @ http://localhost:3000/?_rsc=q3mOO9BClNZHexY7:0
[  271714ms] [ERROR] ./app/page.tsx:5:1
Export SiGooglepodcasts doesn't exist in target module
  3 | ...Twitter, FaTiktok, FaSpotify,
  4 | .../fa6";
> 5 | ...eck, SiGooglepodcasts } fro...
    |    ^^^^^^^^^^^^^^^^^^^^^^^^^^^^^^
  6 | ...
  7 | ... [
  8 | ...",      href: "#", Icon: Fa...

The export SiGooglepodcasts was not found in module [project]/node_modules/react-icons/si/index.mjs [app-rsc] (ecmascript).
Did you mean to import SiGooglecast?
All exports of the module are statically known (It doesn't have dynamic exports). So it's known statically that the requested export doesn't exist. @ http://localhost:3000/_next/static/chunks/node_modules_next_dist_1ybzpk2._.js:3318
[  271816ms] [LOG] [Fast Refresh] rebuilding @ http://localhost:3000/_next/static/chunks/node_modules_next_dist_1ybzpk2._.js:2477
[  271823ms] [ERROR] ./app/page.tsx:5:1
Export SiGooglepodcasts doesn't exist in target module
  3 | ...Twitter, FaTiktok, FaSpotify,
  4 | .../fa6";
> 5 | ...eck, SiGooglepodcasts } fro...
    |    ^^^^^^^^^^^^^^^^^^^^^^^^^^^^^^
  6 | ...
  7 | ... [
  8 | ...",      href: "#", Icon: Fa...

The export SiGooglepodcasts was not found in module [project]/node_modules/react-icons/si/index.mjs [app-rsc] (ecmascript).
Did you mean to import SiGooglecast?
All exports of the module are statically known (It doesn't have dynamic exports). So it's known statically that the requested export doesn't exist. @ http://localhost:3000/_next/static/chunks/node_modules_next_dist_1ybzpk2._.js:3318
[  271830ms] [ERROR] ./app/page.tsx:5:1
Export SiGooglepodcasts doesn't exist in target module
  3 | ...Twitter, FaTiktok, FaSpotify,
  4 | .../fa6";
> 5 | ...eck, SiGooglepodcasts } fro...
    |    ^^^^^^^^^^^^^^^^^^^^^^^^^^^^^^
  6 | ...
  7 | ... [
  8 | ...",      href: "#", Icon: Fa...

The export SiGooglepodcasts was not found in module [project]/node_modules/react-icons/si/index.mjs [app-rsc] (ecmascript).
Did you mean to import SiGooglecast?
All exports of the module are statically known (It doesn't have dynamic exports). So it's known statically that the requested export doesn't exist. @ http://localhost:3000/_next/static/chunks/node_modules_next_dist_1ybzpk2._.js:3318
[  271862ms] [ERROR] Failed to load resource: the server responded with a status of 500 (Internal Server Error) @ http://localhost:3000/:0
[  272576ms] [INFO] %cDownload the React DevTools for a better development experience: https://react.dev/link/react-devtools font-weight:bold @ http://localhost:3000/_next/static/chunks/node_modules_react-dom_0kla17-._.js:15305
[  272704ms] Error: ./app/page.tsx:5:1
Export SiGooglepodcasts doesn't exist in target module
  3 | ...Twitter, FaTiktok, FaSpotify,
  4 | .../fa6";
> 5 | ...eck, SiGooglepodcasts } fro...
    |    ^^^^^^^^^^^^^^^^^^^^^^^^^^^^^^
  6 | ...
  7 | ... [
  8 | ...",      href: "#", Icon: Fa...

The export SiGooglepodcasts was not found in module [project]/node_modules/react-icons/si/index.mjs [app-rsc] (ecmascript).
Did you mean to import SiGooglecast?
All exports of the module are statically known (It doesn't have dynamic exports). So it's known statically that the requested export doesn't exist.


    at <unknown> (Error: ./app/page.tsx:5:1)
    at Object.getCompilationErrors (file://C:\Users\Pc\Desktop\clientes\galeoncadiz\node_modules\next\dist\server\dev\hot-reloader-turbopack.js:1186:59)
    at DevBundlerService.getCompilationError (file://C:\Users\Pc\Desktop\clientes\galeoncadiz\node_modules\next\dist\server\lib\dev-bundler-service.js:44:55)
    at DevServer.getCompilationError (file://C:\Users\Pc\Desktop\clientes\galeoncadiz\node_modules\next\dist\server\dev\next-dev-server.js:720:42)
    at DevServer.findPageComponents (file://C:\Users\Pc\Desktop\clientes\galeoncadiz\node_modules\next\dist\server\dev\next-dev-server.js:690:43)
    at async DevServer.renderErrorToResponseImpl (file://C:\Users\Pc\Desktop\clientes\galeoncadiz\node_modules\next\dist\server\base-server.js:1753:26)
[  272700ms] [LOG] [HMR] connected @ http://localhost:3000/_next/static/chunks/node_modules_next_dist_1gdrd03._.js:1226
[  272750ms] [ERROR] ./app/page.tsx:5:1
Export SiGooglepodcasts doesn't exist in target module
  3 | ...Twitter, FaTiktok, FaSpotify,
  4 | .../fa6";
> 5 | ...eck, SiGooglepodcasts } fro...
    |    ^^^^^^^^^^^^^^^^^^^^^^^^^^^^^^
  6 | ...
  7 | ... [
  8 | ...",      href: "#", Icon: Fa...

The export SiGooglepodcasts was not found in module [project]/node_modules/react-icons/si/index.mjs [app-rsc] (ecmascript).
Did you mean to import SiGooglecast?
All exports of the module are statically known (It doesn't have dynamic exports). So it's known statically that the requested export doesn't exist. @ http://localhost:3000/_next/static/chunks/node_modules_next_dist_1gdrd03._.js:1945
[  272879ms] [ERROR] ./app/page.tsx:5:1
Export SiGooglepodcasts doesn't exist in target module
  3 | ...Twitter, FaTiktok, FaSpotify,
  4 | .../fa6";
> 5 | ...eck, SiGooglepodcasts } fro...
    |    ^^^^^^^^^^^^^^^^^^^^^^^^^^^^^^
  6 | ...
  7 | ... [
  8 | ...",      href: "#", Icon: Fa...

The export SiGooglepodcasts was not found in module [project]/node_modules/react-icons/si/index.mjs [app-rsc] (ecmascript).
Did you mean to import SiGooglecast?
All exports of the module are statically known (It doesn't have dynamic exports). So it's known statically that the requested export doesn't exist. @ http://localhost:3000/_next/static/chunks/node_modules_next_dist_1gdrd03._.js:1945
[  272881ms] [ERROR] ./app/page.tsx:5:1
Export SiGooglepodcasts doesn't exist in target module
  3 | ...Twitter, FaTiktok, FaSpotify,
  4 | .../fa6";
> 5 | ...eck, SiGooglepodcasts } fro...
    |    ^^^^^^^^^^^^^^^^^^^^^^^^^^^^^^
  6 | ...
  7 | ... [
  8 | ...",      href: "#", Icon: Fa...

The export SiGooglepodcasts was not found in module [project]/node_modules/react-icons/si/index.mjs [app-rsc] (ecmascript).
Did you mean to import SiGooglecast?
All exports of the module are statically known (It doesn't have dynamic exports). So it's known statically that the requested export doesn't exist. @ http://localhost:3000/_next/static/chunks/node_modules_next_dist_1gdrd03._.js:1945
[  272905ms] [ERROR] ./app/page.tsx:5:1
Export SiGooglepodcasts doesn't exist in target module
  3 | ...Twitter, FaTiktok, FaSpotify,
  4 | .../fa6";
> 5 | ...eck, SiGooglepodcasts } fro...
    |    ^^^^^^^^^^^^^^^^^^^^^^^^^^^^^^
  6 | ...
  7 | ... [
  8 | ...",      href: "#", Icon: Fa...

The export SiGooglepodcasts was not found in module [project]/node_modules/react-icons/si/index.mjs [app-rsc] (ecmascript).
Did you mean to import SiGooglecast?
All exports of the module are statically known (It doesn't have dynamic exports). So it's known statically that the requested export doesn't exist. @ http://localhost:3000/_next/static/chunks/node_modules_next_dist_1gdrd03._.js:1945
[  272990ms] [LOG] [Fast Refresh] rebuilding @ http://localhost:3000/_next/static/chunks/node_modules_next_dist_1gdrd03._.js:1226
[  278888ms] [ERROR] ./app/page.tsx:5:1
Export SiGooglepodcasts doesn't exist in target module
  3 | ...Twitter, FaTiktok, FaSpotify,
  4 | .../fa6";
> 5 | ...eck, SiGooglepodcasts } fro...
    |    ^^^^^^^^^^^^^^^^^^^^^^^^^^^^^^
  6 | ...
  7 | ... [
  8 | ...",      href: "#", Icon: Fa...

The export SiGooglepodcasts was not found in module [project]/node_modules/react-icons/si/index.mjs [app-rsc] (ecmascript).
Did you mean to import SiGooglecast?
All exports of the module are statically known (It doesn't have dynamic exports). So it's known statically that the requested export doesn't exist. @ http://localhost:3000/_next/static/chunks/node_modules_next_dist_1gdrd03._.js:1945
[  278946ms] [LOG] [Fast Refresh] rebuilding @ http://localhost:3000/_next/static/chunks/node_modules_next_dist_1gdrd03._.js:1226
[  280110ms] [LOG] [Fast Refresh] rebuilding @ http://localhost:3000/_next/static/chunks/node_modules_next_dist_1gdrd03._.js:1226
[  280277ms] [ERROR] ./app/page.tsx:5:1
Export SiGooglepodcasts doesn't exist in target module
  3 | ...Twitter, FaTiktok, FaSpotify,
  4 | .../fa6";
> 5 | ...eck, SiGooglepodcasts } fro...
    |    ^^^^^^^^^^^^^^^^^^^^^^^^^^^^^^
  6 | ...
  7 | ... [
  8 | ...",      href: "#", Icon: Fa...

The export SiGooglepodcasts was not found in module [project]/node_modules/react-icons/si/index.mjs [app-rsc] (ecmascript).
Did you mean to import SiGooglecast?
All exports of the module are statically known (It doesn't have dynamic exports). So it's known statically that the requested export doesn't exist. @ http://localhost:3000/_next/static/chunks/node_modules_next_dist_1gdrd03._.js:1945
[  280388ms] [ERROR] ./app/page.tsx:5:1
Export SiGooglepodcasts doesn't exist in target module
  3 | ...Twitter, FaTiktok, FaSpotify,
  4 | .../fa6";
> 5 | ...eck, SiGooglepodcasts } fro...
    |    ^^^^^^^^^^^^^^^^^^^^^^^^^^^^^^
  6 | ...
  7 | ... [
  8 | ...",      href: "#", Icon: Fa...

The export SiGooglepodcasts was not found in module [project]/node_modules/react-icons/si/index.mjs [app-rsc] (ecmascript).
Did you mean to import SiGooglecast?
All exports of the module are statically known (It doesn't have dynamic exports). So it's known statically that the requested export doesn't exist. @ http://localhost:3000/_next/static/chunks/node_modules_next_dist_1gdrd03._.js:1945
[  280443ms] [ERROR] ./app/page.tsx:5:1
Export SiGooglepodcasts doesn't exist in target module
  3 | ...Twitter, FaTiktok, FaSpotify,
  4 | .../fa6";
> 5 | ...eck, SiGooglepodcasts } fro...
    |    ^^^^^^^^^^^^^^^^^^^^^^^^^^^^^^
  6 | ...
  7 | ... [
  8 | ...",      href: "#", Icon: Fa...

The export SiGooglepodcasts was not found in module [project]/node_modules/react-icons/si/index.mjs [app-rsc] (ecmascript).
Did you mean to import SiGooglecast?
All exports of the module are statically known (It doesn't have dynamic exports). So it's known statically that the requested export doesn't exist. @ http://localhost:3000/_next/static/chunks/node_modules_next_dist_1gdrd03._.js:1945
[  280456ms] [ERROR] Failed to load resource: the server responded with a status of 500 (Internal Server Error) @ http://localhost:3000/:0
[  280549ms] [INFO] %cDownload the React DevTools for a better development experience: https://react.dev/link/react-devtools font-weight:bold @ http://localhost:3000/_next/static/chunks/node_modules_react-dom_0kla17-._.js:15305
[  280579ms] Error: ./app/page.tsx:5:1
Export SiGooglepodcasts doesn't exist in target module
  3 | ...Twitter, FaTiktok, FaSpotify,
  4 | .../fa6";
> 5 | ...eck, SiGooglepodcasts } fro...
    |    ^^^^^^^^^^^^^^^^^^^^^^^^^^^^^^
  6 | ...
  7 | ... [
  8 | ...",      href: "#", Icon: Fa...

The export SiGooglepodcasts was not found in module [project]/node_modules/react-icons/si/index.mjs [app-rsc] (ecmascript).
Did you mean to import SiGooglecast?
All exports of the module are statically known (It doesn't have dynamic exports). So it's known statically that the requested export doesn't exist.


    at <unknown> (Error: ./app/page.tsx:5:1)
    at Object.getCompilationErrors (file://C:\Users\Pc\Desktop\clientes\galeoncadiz\node_modules\next\dist\server\dev\hot-reloader-turbopack.js:1186:59)
    at DevBundlerService.getCompilationError (file://C:\Users\Pc\Desktop\clientes\galeoncadiz\node_modules\next\dist\server\lib\dev-bundler-service.js:44:55)
    at DevServer.getCompilationError (file://C:\Users\Pc\Desktop\clientes\galeoncadiz\node_modules\next\dist\server\dev\next-dev-server.js:720:42)
    at DevServer.findPageComponents (file://C:\Users\Pc\Desktop\clientes\galeoncadiz\node_modules\next\dist\server\dev\next-dev-server.js:690:43)
    at async DevServer.renderErrorToResponseImpl (file://C:\Users\Pc\Desktop\clientes\galeoncadiz\node_modules\next\dist\server\base-server.js:1753:26)
[  280589ms] [LOG] [HMR] connected @ http://localhost:3000/_next/static/chunks/node_modules_next_dist_1gdrd03._.js:1226
[  280627ms] [ERROR] ./app/page.tsx:5:1
Export SiGooglepodcasts doesn't exist in target module
  3 | ...Twitter, FaTiktok, FaSpotify,
  4 | .../fa6";
> 5 | ...eck, SiGooglepodcasts } fro...
    |    ^^^^^^^^^^^^^^^^^^^^^^^^^^^^^^
  6 | ...
  7 | ... [
  8 | ...",      href: "#", Icon: Fa...

The export SiGooglepodcasts was not found in module [project]/node_modules/react-icons/si/index.mjs [app-rsc] (ecmascript).
Did you mean to import SiGooglecast?
All exports of the module are statically known (It doesn't have dynamic exports). So it's known statically that the requested export doesn't exist. @ http://localhost:3000/_next/static/chunks/node_modules_next_dist_1gdrd03._.js:1945
[  280706ms] [ERROR] ./app/page.tsx:5:1
Export SiGooglepodcasts doesn't exist in target module
  3 | ...Twitter, FaTiktok, FaSpotify,
  4 | .../fa6";
> 5 | ...eck, SiGooglepodcasts } fro...
    |    ^^^^^^^^^^^^^^^^^^^^^^^^^^^^^^
  6 | ...
  7 | ... [
  8 | ...",      href: "#", Icon: Fa...

The export SiGooglepodcasts was not found in module [project]/node_modules/react-icons/si/index.mjs [app-rsc] (ecmascript).
Did you mean to import SiGooglecast?
All exports of the module are statically known (It doesn't have dynamic exports). So it's known statically that the requested export doesn't exist. @ http://localhost:3000/_next/static/chunks/node_modules_next_dist_1gdrd03._.js:1945
[  280781ms] [LOG] [Fast Refresh] rebuilding @ http://localhost:3000/_next/static/chunks/node_modules_next_dist_1gdrd03._.js:1226
[  281251ms] [ERROR] ./app/page.tsx:5:1
Export SiGooglepodcasts doesn't exist in target module
  3 | ...Twitter, FaTiktok, FaSpotify,
  4 | .../fa6";
> 5 | ...eck, SiGooglepodcasts } fro...
    |    ^^^^^^^^^^^^^^^^^^^^^^^^^^^^^^
  6 | ...
  7 | ... [
  8 | ...",      href: "#", Icon: Fa...

The export SiGooglepodcasts was not found in module [project]/node_modules/react-icons/si/index.mjs [app-rsc] (ecmascript).
Did you mean to import SiGooglecast?
All exports of the module are statically known (It doesn't have dynamic exports). So it's known statically that the requested export doesn't exist. @ http://localhost:3000/_next/static/chunks/node_modules_next_dist_1gdrd03._.js:1945
[  281290ms] [LOG] [Fast Refresh] rebuilding @ http://localhost:3000/_next/static/chunks/node_modules_next_dist_1gdrd03._.js:1226
[  282731ms] [ERROR] ./app/page.tsx:5:1
Export SiGooglepodcasts doesn't exist in target module
  3 | ...Twitter, FaTiktok, FaSpotify,
  4 | .../fa6";
> 5 | ...eck, SiGooglepodcasts } fro...
    |    ^^^^^^^^^^^^^^^^^^^^^^^^^^^^^^
  6 | ...
  7 | ... [
  8 | ...",      href: "#", Icon: Fa...

The export SiGooglepodcasts was not found in module [project]/node_modules/react-icons/si/index.mjs [app-rsc] (ecmascript).
Did you mean to import SiGooglecast?
All exports of the module are statically known (It doesn't have dynamic exports). So it's known statically that the requested export doesn't exist. @ http://localhost:3000/_next/static/chunks/node_modules_next_dist_1gdrd03._.js:1945
[  282790ms] [LOG] [Fast Refresh] rebuilding @ http://localhost:3000/_next/static/chunks/node_modules_next_dist_1gdrd03._.js:1226
[  284659ms] [ERROR] ./app/page.tsx:5:1
Export SiGooglepodcasts doesn't exist in target module
  3 | ...Twitter, FaTiktok, FaSpotify,
  4 | .../fa6";
> 5 | ...eck, SiGooglepodcasts } fro...
    |    ^^^^^^^^^^^^^^^^^^^^^^^^^^^^^^
  6 | ...
  7 | ... [
  8 | ...",      href: "#", Icon: Fa...

The export SiGooglepodcasts was not found in module [project]/node_modules/react-icons/si/index.mjs [app-rsc] (ecmascript).
Did you mean to import SiGooglecast?
All exports of the module are statically known (It doesn't have dynamic exports). So it's known statically that the requested export doesn't exist. @ http://localhost:3000/_next/static/chunks/node_modules_next_dist_1gdrd03._.js:1945
[  284703ms] [LOG] [Fast Refresh] rebuilding @ http://localhost:3000/_next/static/chunks/node_modules_next_dist_1gdrd03._.js:1226
[  298305ms] [ERROR] ./app/page.tsx:5:1
Export SiGooglepodcasts doesn't exist in target module
  3 | ...Twitter, FaTiktok, FaSpotify,
  4 | .../fa6";
> 5 | ...eck, SiGooglepodcasts } fro...
    |    ^^^^^^^^^^^^^^^^^^^^^^^^^^^^^^
  6 | ...
  7 | ... [
  8 | ...",      href: "#", Icon: Fa...

The export SiGooglepodcasts was not found in module [project]/node_modules/react-icons/si/index.mjs [app-rsc] (ecmascript).
Did you mean to import SiGooglecast?
All exports of the module are statically known (It doesn't have dynamic exports). So it's known statically that the requested export doesn't exist. @ http://localhost:3000/_next/static/chunks/node_modules_next_dist_1gdrd03._.js:1945
[  298359ms] [LOG] [Fast Refresh] rebuilding @ http://localhost:3000/_next/static/chunks/node_modules_next_dist_1gdrd03._.js:1226
[  304410ms] [LOG] [Fast Refresh] rebuilding @ http://localhost:3000/_next/static/chunks/node_modules_next_dist_1gdrd03._.js:1226
[  304520ms] [LOG] [Fast Refresh] done in 225ms @ http://localhost:3000/_next/static/chunks/node_modules_next_dist_1gdrd03._.js:1226
[  304672ms] [LOG] [Fast Refresh] rebuilding @ http://localhost:3000/_next/static/chunks/node_modules_next_dist_1gdrd03._.js:1226
[  306313ms] [LOG] [Fast Refresh] done in 1747ms @ http://localhost:3000/_next/static/chunks/node_modules_next_dist_1gdrd03._.js:1226
[  306431ms] [LOG] [Fast Refresh] rebuilding @ http://localhost:3000/_next/static/chunks/node_modules_next_dist_1gdrd03._.js:1226
[  306437ms] [LOG] [Fast Refresh] done in 121ms @ http://localhost:3000/_next/static/chunks/node_modules_next_dist_1gdrd03._.js:1226
[  306541ms] [LOG] [Fast Refresh] rebuilding @ http://localhost:3000/_next/static/chunks/node_modules_next_dist_1gdrd03._.js:1226
[  307396ms] [LOG] [Fast Refresh] done in 957ms @ http://localhost:3000/_next/static/chunks/node_modules_next_dist_1gdrd03._.js:1226
[  307412ms] [ERROR] Failed to load resource: the server responded with a status of 500 (Internal Server Error) @ http://localhost:3000/:0
[  308336ms] [INFO] %cDownload the React DevTools for a better development experience: https://react.dev/link/react-devtools font-weight:bold @ http://localhost:3000/_next/static/chunks/node_modules_react-dom_0kla17-._.js:15305
[  308357ms] ReferenceError: SiGooglepodcasts is not defined
    at module evaluation (file://C:\Users\Pc\Desktop\clientes\galeoncadiz\.next\dev\server\chunks\ssr\[root-of-the-server]__02fbh2n._.js:88:15)
    at <unknown> (file://C:\Users\Pc\Desktop\clientes\galeoncadiz\.next\dev\server\chunks\ssr\[turbopack]_runtime.js:1291:27)
    at runWithHooks (file://C:\Users\Pc\Desktop\clientes\galeoncadiz\.next\dev\server\chunks\ssr\[turbopack]_runtime.js:1554:9)
    at instantiateModuleShared (file://C:\Users\Pc\Desktop\clientes\galeoncadiz\.next\dev\server\chunks\ssr\[turbopack]_runtime.js:1289:9)
    at instantiateModule (file://C:\Users\Pc\Desktop\clientes\galeoncadiz\.next\dev\server\chunks\ssr\[turbopack]_runtime.js:1557:23)
    at getOrInstantiateModuleFromParent (file://C:\Users\Pc\Desktop\clientes\galeoncadiz\.next\dev\server\chunks\ssr\[turbopack]_runtime.js:1593:23)
    at Context.esmImport [as i] (file://C:\Users\Pc\Desktop\clientes\galeoncadiz\.next\dev\server\chunks\ssr\[turbopack]_runtime.js:281:20)
    at module evaluation (file://C:\Users\Pc\Desktop\clientes\galeoncadiz\.next\dev\server\chunks\ssr\[root-of-the-server]__02fbh2n._.js:445:47)
    at <unknown> (file://C:\Users\Pc\Desktop\clientes\galeoncadiz\.next\dev\server\chunks\ssr\[turbopack]_runtime.js:1291:27)
    at runWithHooks (file://C:\Users\Pc\Desktop\clientes\galeoncadiz\.next\dev\server\chunks\ssr\[turbopack]_runtime.js:1554:9)
    at instantiateModuleShared (file://C:\Users\Pc\Desktop\clientes\galeoncadiz\.next\dev\server\chunks\ssr\[turbopack]_runtime.js:1289:9)
    at instantiateModule (file://C:\Users\Pc\Desktop\clientes\galeoncadiz\.next\dev\server\chunks\ssr\[turbopack]_runtime.js:1557:23)
    at getOrInstantiateModuleFromParent (file://C:\Users\Pc\Desktop\clientes\galeoncadiz\.next\dev\server\chunks\ssr\[turbopack]_runtime.js:1593:23)
    at Context.commonJsRequire [as r] (file://C:\Users\Pc\Desktop\clientes\galeoncadiz\.next\dev\server\chunks\ssr\[turbopack]_runtime.js:302:12)
    at Array.__TURBOPACK__page__$23$6__ (file://C:\Users\Pc\Desktop\clientes\galeoncadiz\.next\dev\server\chunks\ssr\node_modules_next_dist_04on_pg._.js:4586:62)
    at createFlightRouterStateFromLoaderTreeImpl (file://C:\Users\Pc\Desktop\clientes\galeoncadiz\node_modules\next\dist\compiled\next-server\app-page-turbo.runtime.dev.js:62:7118)
    at createFlightRouterStateFromLoaderTreeImpl (file://C:\Users\Pc\Desktop\clientes\galeoncadiz\node_modules\next\dist\compiled\next-server\app-page-turbo.runtime.dev.js:62:7866)
[  308365ms] [LOG] [HMR] connected @ http://localhost:3000/_next/static/chunks/node_modules_next_dist_1gdrd03._.js:1226
[  310494ms] [LOG] [Fast Refresh] rebuilding @ http://localhost:3000/_next/static/chunks/node_modules_next_dist_1gdrd03._.js:1226
[  310704ms] [LOG] [Fast Refresh] done in 313ms @ http://localhost:3000/_next/static/chunks/node_modules_next_dist_1gdrd03._.js:1226
[  310822ms] [LOG] [Fast Refresh] rebuilding @ http://localhost:3000/_next/static/chunks/node_modules_next_dist_1gdrd03._.js:1226
[  311935ms] [LOG] [Fast Refresh] done in 1221ms @ http://localhost:3000/_next/static/chunks/node_modules_next_dist_1gdrd03._.js:1226
[  312063ms] [LOG] [Fast Refresh] rebuilding @ http://localhost:3000/_next/static/chunks/node_modules_next_dist_1gdrd03._.js:1226
[  312072ms] [LOG] [Fast Refresh] done in 110ms @ http://localhost:3000/_next/static/chunks/node_modules_next_dist_1gdrd03._.js:1226
[  312257ms] [INFO] %cDownload the React DevTools for a better development experience: https://react.dev/link/react-devtools font-weight:bold @ http://localhost:3000/_next/static/chunks/node_modules_next_dist_1ybzpk2._.js:2477
[  312286ms] [LOG] [HMR] connected @ http://localhost:3000/_next/static/chunks/node_modules_next_dist_1ybzpk2._.js:2477
[  312545ms] [ERROR] Failed to load resource: the server responded with a status of 400 (Bad Request) @ http://localhost:3000/_next/image?url=%2Fplaceholder-logo-edn.png&w=1080&q=75:0
[  312546ms] [ERROR] Failed to load resource: the server responded with a status of 400 (Bad Request) @ http://localhost:3000/_next/image?url=%2Fplaceholder-logo-galeona.png&w=1080&q=75:0
[  319134ms] [LOG] [Fast Refresh] rebuilding @ http://localhost:3000/_next/static/chunks/node_modules_next_dist_1ybzpk2._.js:2477
[  319233ms] [LOG] [Fast Refresh] done in 200ms @ http://localhost:3000/_next/static/chunks/node_modules_next_dist_1ybzpk2._.js:2477
[  319352ms] [LOG] [Fast Refresh] rebuilding @ http://localhost:3000/_next/static/chunks/node_modules_next_dist_1ybzpk2._.js:2477
[  319885ms] [LOG] [Fast Refresh] done in 647ms @ http://localhost:3000/_next/static/chunks/node_modules_next_dist_1ybzpk2._.js:2477
[  330581ms] [LOG] [Fast Refresh] rebuilding @ http://localhost:3000/_next/static/chunks/node_modules_next_dist_1ybzpk2._.js:2477
[  330706ms] [LOG] [Fast Refresh] done in 232ms @ http://localhost:3000/_next/static/chunks/node_modules_next_dist_1ybzpk2._.js:2477
[  330821ms] [LOG] [Fast Refresh] rebuilding @ http://localhost:3000/_next/static/chunks/node_modules_next_dist_1ybzpk2._.js:2477
[  331488ms] [LOG] [Fast Refresh] done in 767ms @ http://localhost:3000/_next/static/chunks/node_modules_next_dist_1ybzpk2._.js:2477
